<?xml version="1.0" encoding="UTF-8"?>
<Site BuildName="(empty)"
	BuildStamp="20260508-1401-Experimental"
	Name="david-Precision-3590"
	Generator="ctest-3.22.1"
	CompilerName="/usr/bin/c++"
	CompilerVersion="11.4.0"
	OSName="Linux"
	Hostname="david-Precision-3590"
	OSRelease="6.8.0-110-generic"
	OSVersion="#110~22.04.1-Ubuntu SMP PREEMPT_DYNAMIC Fri Mar 27 12:43:08 UTC "
	OSPlatform="x86_64"
	Is64Bits="1"
	VendorString="GenuineIntel"
	VendorID="Intel Corporation"
	FamilyID="6"
	ModelID="170"
	ProcessorCacheSize="24576"
	NumberOfLogicalCPU="22"
	NumberOfPhysicalCPU="16"
	TotalVirtualMemory="2047"
	TotalPhysicalMemory="31542"
	LogicalProcessorsPerPhysical="1"
	ProcessorClockFrequency="2616.62"
	>
	<Testing>
		<StartDateTime>May 08 16:01 CEST</StartDateTime>
		<StartTestTime>1778248917</StartTestTime>
		<TestList/>
		<EndDateTime>May 08 16:01 CEST</EndDateTime>
		<EndTestTime>1778248917</EndTestTime>
		<ElapsedMinutes>0</ElapsedMinutes>
	</Testing>
</Site>
